<?xml version="1.0" encoding="UTF-8"?>
<!-- Generated by org.testng.reporters.JUnitReportReporter -->
<testsuite skipped="0" hostname="SMR-PC" name="Run.home_site" tests="2" failures="0" timestamp="2020-02-27T14:40:37 EST" time="26.241" errors="0">
  <testcase name="f" time="16.002" classname="Run.home_site"/>
  <testcase name="f" time="10.239" classname="Run.home_site"/>
</testsuite> <!-- Run.home_site -->
